Arguments: 
  C:\Program Files\nodejs\node.exe C:\Users\Luan Miqueias\AppData\Roaming\npm\node_modules\yarn\bin\yarn.js add @types/bcryptyjs

PATH: 
  C:\Users\Luan Miqueias\bin;C:\Program Files\Git\mingw64\bin;C:\Program Files\Git\usr\local\bin;C:\Program Files\Git\usr\bin;C:\Program Files\Git\usr\bin;C:\Program Files\Git\mingw64\bin;C:\Program Files\Git\usr\bin;C:\Users\Luan Miqueias\bin;C:\Program Files\Common Files\Oracle\Java\javapath;C:\WINDOWS\system32;C:\WINDOWS;C:\WINDOWS\System32\Wbem;C:\WINDOWS\System32\WindowsPowerShell\v1.0;C:\WINDOWS\System32\OpenSSH;C:\ProgramData\chocolatey\bin;C:\Program Files\Git\cmd;C:\Users\Luan Miqueias\AppData\Roaming\nvm;C:\Program Files\nodejs;C:\maven\bin;C:\Program Files\GitHub CLI;C:\Program Files\dotnet;C:\Program Files\Docker\Docker\resources\bin;C:\Users\Luan Miqueias\AppData\Local\Microsoft\WindowsApps;C:\Users\Luan Miqueias\AppData\Local\Programs\Microsoft VS Code\bin;C:\Users\Luan Miqueias\AppData\Roaming\npm;C:\Users\Luan Miqueias\AppData\Roaming\nvm;C:\Program Files\nodejs;C:\Program Files\JetBrains\IntelliJ IDEA 2024.1.1\bin;C:\kotlin-compiler-2.0.0-RC2\kotlinc\bin;C:\Program Files\JetBrains\IntelliJ IDEA Community Edition 2024.1.1\bin;C:\Program Files\Git\usr\bin\vendor_perl;C:\Program Files\Git\usr\bin\core_perl

Yarn version: 
  1.22.19

Node version: 
  20.11.0

Platform: 
  win32 x64

Trace: 
  Error: https://registry.yarnpkg.com/@types%2fbcryptyjs: Not found
      at params.callback [as _callback] (C:\Users\Luan Miqueias\AppData\Roaming\npm\node_modules\yarn\lib\cli.js:66145:18)
      at self.callback (C:\Users\Luan Miqueias\AppData\Roaming\npm\node_modules\yarn\lib\cli.js:140890:22)
      at Request.emit (node:events:518:28)
      at Request.<anonymous> (C:\Users\Luan Miqueias\AppData\Roaming\npm\node_modules\yarn\lib\cli.js:141862:10)
      at Request.emit (node:events:518:28)
      at IncomingMessage.<anonymous> (C:\Users\Luan Miqueias\AppData\Roaming\npm\node_modules\yarn\lib\cli.js:141784:12)
      at Object.onceWrapper (node:events:632:28)
      at IncomingMessage.emit (node:events:530:35)
      at endReadableNT (node:internal/streams/readable:1696:12)
      at process.processTicksAndRejections (node:internal/process/task_queues:82:21)

npm manifest: 
  {
  	"name": "ignite-api-solid",
  	"version": "1.0.0",
  	"description": "",
  	"main": "index.js",
  	"scripts": {
  		"dev": "tsx watch src/server.ts",
  		"start": "node build/server.js",
  		"build": "tsup src --out-dir build",
  		"test": "echo \"Error: no test specified\" && exit 1"
  	},
  	"keywords": [],
  	"author": "",
  	"license": "ISC",
  	"devDependencies": {
  		"@types/node": "20.11.16",
  		"@typescript-eslint/eslint-plugin": "6.20.0",
  		"@typescript-eslint/parser": "6.20.0",
  		"eslint": "8.56.0",
  		"prisma": "5.9.1",
  		"tsup": "8.0.1",
  		"tsx": "4.7.0",
  		"typescript": "5.3.3"
  	},
  	"dependencies": {
  		"@prisma/client": "5.9.1",
  		"dotenv": "16.4.1",
  		"fastify": "4.26.0",
  		"zod": "3.22.4"
  	}
  }

yarn manifest: 
  No manifest

Lockfile: 
  No lockfile
